<?xml version="1.0" encoding="UTF-8"?>
<!-- Generated by org.testng.reporters.JUnitXMLReporter -->
<testsuite ignored="0" hostname="Arjun" failures="2" tests="2" name="Place order" time="17.273" errors="0" timestamp="2025-05-11T21:10:55 IST">
  <testcase classname="rsPractice.testCases.TestCase1" name="place_Order" time="0.19">
    <failure type="org.openqa.selenium.ElementClickInterceptedException" message="Element &amp;lt;input id=&amp;quot;agreeTerms&amp;quot; name=&amp;quot;agreeTerms&amp;quot; type=&amp;quot;checkbox&amp;quot;&amp;gt; is not clickable at point (413,541) because another element &amp;lt;div class=&amp;quot;preloader&amp;quot;&amp;gt; obscures it
Build info: version: &amp;apos;4.32.0&amp;apos;, revision: &amp;apos;d17c8aa950&amp;apos;
System info: os.name: &amp;apos;Windows 11&amp;apos;, os.arch: &amp;apos;amd64&amp;apos;, os.version: &amp;apos;10.0&amp;apos;, java.version: &amp;apos;17.0.6&amp;apos;
Driver info: org.openqa.selenium.firefox.FirefoxDriver
Command: [7c20e4a5-8d3c-440a-8d51-fa7cd98efa63, clickElement {id=e3f163e9-ca74-4d2b-8a98-66de19511a64}]
Capabilities {acceptInsecureCerts: true, browserName: firefox, browserVersion: 138.0.1, moz:accessibilityChecks: false, moz:buildID: 20250430203103, moz:geckodriverVersion: 0.36.0, moz:headless: false, moz:platformVersion: 10.0, moz:processID: 17200, moz:profile: C:\Users\Arjun\AppData\Loca..., moz:shutdownTimeout: 60000, moz:webdriverClick: true, moz:windowless: false, pageLoadStrategy: normal, platformName: windows, proxy: Proxy(), setWindowRect: true, strictFileInteractability: false, timeouts: {implicit: 0, pageLoad: 300000, script: 30000}, unhandledPromptBehavior: dismiss and notify, userAgent: Mozilla/5.0 (Windows NT 10....}
Element: [[FirefoxDriver: firefox on windows (7c20e4a5-8d3c-440a-8d51-fa7cd98efa63)] -&amp;gt; xpath: //input[@type=&amp;apos;checkbox&amp;apos;]]
Session ID: 7c20e4a5-8d3c-440a-8d51-fa7cd98efa63">
      <![CDATA[org.openqa.selenium.ElementClickInterceptedException: Element <input id="agreeTerms" name="agreeTerms" type="checkbox"> is not clickable at point (413,541) because another element <div class="preloader"> obscures it
Build info: version: '4.32.0', revision: 'd17c8aa950'
System info: os.name: 'Windows 11', os.arch: 'amd64', os.version: '10.0', java.version: '17.0.6'
Driver info: org.openqa.selenium.firefox.FirefoxDriver
Command: [7c20e4a5-8d3c-440a-8d51-fa7cd98efa63, clickElement {id=e3f163e9-ca74-4d2b-8a98-66de19511a64}]
Capabilities {acceptInsecureCerts: true, browserName: firefox, browserVersion: 138.0.1, moz:accessibilityChecks: false, moz:buildID: 20250430203103, moz:geckodriverVersion: 0.36.0, moz:headless: false, moz:platformVersion: 10.0, moz:processID: 17200, moz:profile: C:\Users\Arjun\AppData\Loca..., moz:shutdownTimeout: 60000, moz:webdriverClick: true, moz:windowless: false, pageLoadStrategy: normal, platformName: windows, proxy: Proxy(), setWindowRect: true, strictFileInteractability: false, timeouts: {implicit: 0, pageLoad: 300000, script: 30000}, unhandledPromptBehavior: dismiss and notify, userAgent: Mozilla/5.0 (Windows NT 10....}
Element: [[FirefoxDriver: firefox on windows (7c20e4a5-8d3c-440a-8d51-fa7cd98efa63)] -> xpath: //input[@type='checkbox']]
Session ID: 7c20e4a5-8d3c-440a-8d51-fa7cd98efa63
at org.openqa.selenium.remote.ErrorCodec.decode(ErrorCodec.java:167)
at org.openqa.selenium.remote.codec.w3c.W3CHttpResponseCodec.decode(W3CHttpResponseCodec.java:138)
at org.openqa.selenium.remote.codec.w3c.W3CHttpResponseCodec.decode(W3CHttpResponseCodec.java:50)
at org.openqa.selenium.remote.HttpCommandExecutor.execute(HttpCommandExecutor.java:215)
at org.openqa.selenium.remote.service.DriverCommandExecutor.invokeExecute(DriverCommandExecutor.java:216)
at org.openqa.selenium.remote.service.DriverCommandExecutor.execute(DriverCommandExecutor.java:174)
at org.openqa.selenium.remote.RemoteWebDriver.execute(RemoteWebDriver.java:545)
at org.openqa.selenium.remote.RemoteWebElement.execute(RemoteWebElement.java:223)
at org.openqa.selenium.remote.RemoteWebElement.click(RemoteWebElement.java:76)
at org.openqa.selenium.support.pagefactory.internal.LocatingElementHandler.invoke(LocatingElementHandler.java:51)
at jdk.proxy2/jdk.proxy2.$Proxy18.click(Unknown Source)
at rsPractice.pom1.landingPage1.loginPage(landingPage1.java:52)
at rsPractice.testCases.TestCase1.place_Order(TestCase1.java:41)
at java.base/java.util.ArrayList.forEach(ArrayList.java:1511)
... Removed 36 stack frames]]>
    </failure>
  </testcase> <!-- place_Order -->
  <testcase classname="rsPractice.testCases.TestCase1" name="place_Order" time="0.153">
    <failure type="org.openqa.selenium.ElementClickInterceptedException" message="Element &amp;lt;input id=&amp;quot;agreeTerms&amp;quot; name=&amp;quot;agreeTerms&amp;quot; type=&amp;quot;checkbox&amp;quot;&amp;gt; is not clickable at point (413,541) because another element &amp;lt;div class=&amp;quot;preloader&amp;quot;&amp;gt; obscures it
Build info: version: &amp;apos;4.32.0&amp;apos;, revision: &amp;apos;d17c8aa950&amp;apos;
System info: os.name: &amp;apos;Windows 11&amp;apos;, os.arch: &amp;apos;amd64&amp;apos;, os.version: &amp;apos;10.0&amp;apos;, java.version: &amp;apos;17.0.6&amp;apos;
Driver info: org.openqa.selenium.firefox.FirefoxDriver
Command: [3a704a53-dc06-49c7-93ae-7f19f869b409, clickElement {id=6d82d3d2-6f32-4d64-aa85-b18d21b4179b}]
Capabilities {acceptInsecureCerts: true, browserName: firefox, browserVersion: 138.0.1, moz:accessibilityChecks: false, moz:buildID: 20250430203103, moz:geckodriverVersion: 0.36.0, moz:headless: false, moz:platformVersion: 10.0, moz:processID: 3292, moz:profile: C:\Users\Arjun\AppData\Loca..., moz:shutdownTimeout: 60000, moz:webdriverClick: true, moz:windowless: false, pageLoadStrategy: normal, platformName: windows, proxy: Proxy(), setWindowRect: true, strictFileInteractability: false, timeouts: {implicit: 0, pageLoad: 300000, script: 30000}, unhandledPromptBehavior: dismiss and notify, userAgent: Mozilla/5.0 (Windows NT 10....}
Element: [[FirefoxDriver: firefox on windows (3a704a53-dc06-49c7-93ae-7f19f869b409)] -&amp;gt; xpath: //input[@type=&amp;apos;checkbox&amp;apos;]]
Session ID: 3a704a53-dc06-49c7-93ae-7f19f869b409">
      <![CDATA[org.openqa.selenium.ElementClickInterceptedException: Element <input id="agreeTerms" name="agreeTerms" type="checkbox"> is not clickable at point (413,541) because another element <div class="preloader"> obscures it
Build info: version: '4.32.0', revision: 'd17c8aa950'
System info: os.name: 'Windows 11', os.arch: 'amd64', os.version: '10.0', java.version: '17.0.6'
Driver info: org.openqa.selenium.firefox.FirefoxDriver
Command: [3a704a53-dc06-49c7-93ae-7f19f869b409, clickElement {id=6d82d3d2-6f32-4d64-aa85-b18d21b4179b}]
Capabilities {acceptInsecureCerts: true, browserName: firefox, browserVersion: 138.0.1, moz:accessibilityChecks: false, moz:buildID: 20250430203103, moz:geckodriverVersion: 0.36.0, moz:headless: false, moz:platformVersion: 10.0, moz:processID: 3292, moz:profile: C:\Users\Arjun\AppData\Loca..., moz:shutdownTimeout: 60000, moz:webdriverClick: true, moz:windowless: false, pageLoadStrategy: normal, platformName: windows, proxy: Proxy(), setWindowRect: true, strictFileInteractability: false, timeouts: {implicit: 0, pageLoad: 300000, script: 30000}, unhandledPromptBehavior: dismiss and notify, userAgent: Mozilla/5.0 (Windows NT 10....}
Element: [[FirefoxDriver: firefox on windows (3a704a53-dc06-49c7-93ae-7f19f869b409)] -> xpath: //input[@type='checkbox']]
Session ID: 3a704a53-dc06-49c7-93ae-7f19f869b409
at org.openqa.selenium.remote.ErrorCodec.decode(ErrorCodec.java:167)
at org.openqa.selenium.remote.codec.w3c.W3CHttpResponseCodec.decode(W3CHttpResponseCodec.java:138)
at org.openqa.selenium.remote.codec.w3c.W3CHttpResponseCodec.decode(W3CHttpResponseCodec.java:50)
at org.openqa.selenium.remote.HttpCommandExecutor.execute(HttpCommandExecutor.java:215)
at org.openqa.selenium.remote.service.DriverCommandExecutor.invokeExecute(DriverCommandExecutor.java:216)
at org.openqa.selenium.remote.service.DriverCommandExecutor.execute(DriverCommandExecutor.java:174)
at org.openqa.selenium.remote.RemoteWebDriver.execute(RemoteWebDriver.java:545)
at org.openqa.selenium.remote.RemoteWebElement.execute(RemoteWebElement.java:223)
at org.openqa.selenium.remote.RemoteWebElement.click(RemoteWebElement.java:76)
at org.openqa.selenium.support.pagefactory.internal.LocatingElementHandler.invoke(LocatingElementHandler.java:51)
at jdk.proxy2/jdk.proxy2.$Proxy18.click(Unknown Source)
at rsPractice.pom1.landingPage1.loginPage(landingPage1.java:52)
at rsPractice.testCases.TestCase1.place_Order(TestCase1.java:41)
at java.base/java.util.ArrayList.forEach(ArrayList.java:1511)
... Removed 36 stack frames]]>
    </failure>
  </testcase> <!-- place_Order -->
</testsuite> <!-- Place order -->
