<?xml version="1.0" encoding="UTF-8"?>
<testsuite xmlns:xsi="http://www.w3.org/2001/XMLSchema-instance" xsi:noNamespaceSchemaLocation="https://maven.apache.org/surefire/maven-surefire-plugin/xsd/surefire-test-report.xsd" version="3.0.2" name="TestSuite" time="23.097" tests="2" errors="0" skipped="0" failures="0">
  <properties>
[...]
</properties>
  <testcase name="place_Order[{country=India, userName=Arjun, userEMail=arjunbyndu@gmail.com, productToBuy=Tomato}](1)" classname="rsPractice.testCases.TestCase1" time="8.121">
    <system-out><![CDATA[Added to cart
]]></system-out>
    <system-err><![CDATA[[main] INFO io.github.bonigarcia.wdm.WebDriverManager - Using chromedriver 135.0.7049.114 (resolved driver for Chrome 135)
[main] INFO io.github.bonigarcia.wdm.WebDriverManager - Exporting webdriver.chrome.driver as C:\Users\Arjun\.cache\selenium\chromedriver\win64\135.0.7049.114\chromedriver.exe
]]></system-err>
  </testcase>
  <testcase name="place_Order[{country=India, userName=Arjun, userEMail=arjunbyndu@gmail.com, productToBuy=Brocolli}](2)" classname="rsPractice.testCases.TestCase1" time="7.132">
    <system-out><![CDATA[Added to cart
]]></system-out>
    <system-err><![CDATA[[main] INFO io.github.bonigarcia.wdm.WebDriverManager - Using chromedriver 135.0.7049.114 (resolved driver for Chrome 135)
[main] INFO io.github.bonigarcia.wdm.WebDriverManager - Exporting webdriver.chrome.driver as C:\Users\Arjun\.cache\selenium\chromedriver\win64\135.0.7049.114\chromedriver.exe
]]></system-err>
  </testcase>
</testsuite>